<?xml version="1.0" encoding="UTF-8"?>
<testsuite name="JUnit Jupiter" tests="3" skipped="0" failures="0" errors="0" time="0.22" hostname="vboxuser" timestamp="2026-04-20T20:31:28">
<properties>
[...]
</properties>
<testcase name="testRank()" classname="CardTest" time="0.005">
<system-out><![CDATA[
unique-id: [engine:junit-jupiter]/[class:CardTest]/[method:testRank()]
display-name: testRank()
]]></system-out>
</testcase>
<testcase name="testDeskSize()" classname="DeskTest" time="0.048">
<system-out><![CDATA[
unique-id: [engine:junit-jupiter]/[class:DeskTest]/[method:testDeskSize()]
display-name: testDeskSize()
]]></system-out>
</testcase>
<testcase name="testSuit()" classname="CardTest" time="0.001">
<system-out><![CDATA[
unique-id: [engine:junit-jupiter]/[class:CardTest]/[method:testSuit()]
display-name: testSuit()
]]></system-out>
</testcase>
<system-out><![CDATA[
unique-id: [engine:junit-jupiter]
display-name: JUnit Jupiter
]]></system-out>
</testsuite>
