<?xml version="1.0" encoding="UTF-8"?>
<testsuite name="JUnit Jupiter" tests="29" skipped="0" failures="0" errors="0" time="0.498" hostname="vboxuser" timestamp="2026-04-21T11:03:37">
<properties>
[...]
</properties>
<testcase name="testShuffleChangesOrder()" classname="BlackJackTest" time="0.005">
<system-out><![CDATA[
unique-id: [engine:junit-jupiter]/[class:BlackJackTest]/[method:testShuffleChangesOrder()]
display-name: testShuffleChangesOrder()
]]></system-out>
</testcase>
<testcase name="testIsBustFalse()" classname="BlackJackTest" time="0.001">
<system-out><![CDATA[
unique-id: [engine:junit-jupiter]/[class:BlackJackTest]/[method:testIsBustFalse()]
display-name: testIsBustFalse()
]]></system-out>
</testcase>
<testcase name="testDeckSizeDecreasesAfterDraw()" classname="BlackJackTest" time="0.045">
<system-out><![CDATA[
unique-id: [engine:junit-jupiter]/[class:BlackJackTest]/[method:testDeckSizeDecreasesAfterDraw()]
display-name: testDeckSizeDecreasesAfterDraw()
]]></system-out>
</testcase>
<testcase name="testDeckInitializationSize()" classname="BlackJackTest" time="0">
<system-out><![CDATA[
unique-id: [engine:junit-jupiter]/[class:BlackJackTest]/[method:testDeckInitializationSize()]
display-name: testDeckInitializationSize()
]]></system-out>
</testcase>
<testcase name="testPlayerWins()" classname="BlackJackTest" time="0">
<system-out><![CDATA[
unique-id: [engine:junit-jupiter]/[class:BlackJackTest]/[method:testPlayerWins()]
display-name: testPlayerWins()
]]></system-out>
</testcase>
<testcase name="testFaceCardValue()" classname="BlackJackTest" time="0">
<system-out><![CDATA[
unique-id: [engine:junit-jupiter]/[class:BlackJackTest]/[method:testFaceCardValue()]
display-name: testFaceCardValue()
]]></system-out>
</testcase>
<testcase name="testTie()" classname="BlackJackTest" time="0.002">
<system-out><![CDATA[
unique-id: [engine:junit-jupiter]/[class:BlackJackTest]/[method:testTie()]
display-name: testTie()
]]></system-out>
</testcase>
<testcase name="testDealerDrawsUntil17()" classname="BlackJackTest" time="0">
<system-out><![CDATA[
unique-id: [engine:junit-jupiter]/[class:BlackJackTest]/[method:testDealerDrawsUntil17()]
display-name: testDealerDrawsUntil17()
]]></system-out>
</testcase>
<testcase name="testIsBustTrue()" classname="BlackJackTest" time="0">
<system-out><![CDATA[
unique-id: [engine:junit-jupiter]/[class:BlackJackTest]/[method:testIsBustTrue()]
display-name: testIsBustTrue()
]]></system-out>
</testcase>
<testcase name="testHandAceDropsToOne()" classname="BlackJackTest" time="0">
<system-out><![CDATA[
unique-id: [engine:junit-jupiter]/[class:BlackJackTest]/[method:testHandAceDropsToOne()]
display-name: testHandAceDropsToOne()
]]></system-out>
</testcase>
<testcase name="testHandAcePlusTenEquals21()" classname="BlackJackTest" time="0">
<system-out><![CDATA[
unique-id: [engine:junit-jupiter]/[class:BlackJackTest]/[method:testHandAcePlusTenEquals21()]
display-name: testHandAcePlusTenEquals21()
]]></system-out>
</testcase>
<testcase name="testPlayerBustDealerWins()" classname="BlackJackTest" time="0">
<system-out><![CDATA[
unique-id: [engine:junit-jupiter]/[class:BlackJackTest]/[method:testPlayerBustDealerWins()]
display-name: testPlayerBustDealerWins()
]]></system-out>
</testcase>
<testcase name="testNoDuplicateDraws()" classname="BlackJackTest" time="0.021">
<system-out><![CDATA[
unique-id: [engine:junit-jupiter]/[class:BlackJackTest]/[method:testNoDuplicateDraws()]
display-name: testNoDuplicateDraws()
]]></system-out>
</testcase>
<testcase name="testSuit()" classname="CardTest" time="0.003">
<system-out><![CDATA[
unique-id: [engine:junit-jupiter]/[class:CardTest]/[method:testSuit()]
display-name: testSuit()
]]></system-out>
</testcase>
<testcase name="testIsBlackjackTrue()" classname="BlackJackTest" time="0.002">
<system-out><![CDATA[
unique-id: [engine:junit-jupiter]/[class:BlackJackTest]/[method:testIsBlackjackTrue()]
display-name: testIsBlackjackTrue()
]]></system-out>
</testcase>
<testcase name="testStandDoesNotAddCard()" classname="BlackJackTest" time="0">
<system-out><![CDATA[
unique-id: [engine:junit-jupiter]/[class:BlackJackTest]/[method:testStandDoesNotAddCard()]
display-name: testStandDoesNotAddCard()
]]></system-out>
</testcase>
<testcase name="testDisplayCard()" classname="BlackJackTest" time="0">
<system-out><![CDATA[
unique-id: [engine:junit-jupiter]/[class:BlackJackTest]/[method:testDisplayCard()]
display-name: testDisplayCard()
]]></system-out>
</testcase>
<testcase name="testHitIncreasesHandSize()" classname="BlackJackTest" time="0.001">
<system-out><![CDATA[
unique-id: [engine:junit-jupiter]/[class:BlackJackTest]/[method:testHitIncreasesHandSize()]
display-name: testHitIncreasesHandSize()
]]></system-out>
</testcase>
<testcase name="testDrawReturnsCard()" classname="BlackJackTest" time="0.001">
<system-out><![CDATA[
unique-id: [engine:junit-jupiter]/[class:BlackJackTest]/[method:testDrawReturnsCard()]
display-name: testDrawReturnsCard()
]]></system-out>
</testcase>
<testcase name="testNumberCardValue()" classname="BlackJackTest" time="0">
<system-out><![CDATA[
unique-id: [engine:junit-jupiter]/[class:BlackJackTest]/[method:testNumberCardValue()]
display-name: testNumberCardValue()
]]></system-out>
</testcase>
<testcase name="testAceDefaultValue()" classname="BlackJackTest" time="0.001">
<system-out><![CDATA[
unique-id: [engine:junit-jupiter]/[class:BlackJackTest]/[method:testAceDefaultValue()]
display-name: testAceDefaultValue()
]]></system-out>
</testcase>
<testcase name="testRank()" classname="CardTest" time="0.173">
<system-out><![CDATA[
unique-id: [engine:junit-jupiter]/[class:CardTest]/[method:testRank()]
display-name: testRank()
]]></system-out>
</testcase>
<testcase name="testDealInitialHands()" classname="BlackJackTest" time="0.039">
<system-out><![CDATA[
unique-id: [engine:junit-jupiter]/[class:BlackJackTest]/[method:testDealInitialHands()]
display-name: testDealInitialHands()
]]></system-out>
</testcase>
<testcase name="testResetRestoresDeck()" classname="BlackJackTest" time="0.001">
<system-out><![CDATA[
unique-id: [engine:junit-jupiter]/[class:BlackJackTest]/[method:testResetRestoresDeck()]
display-name: testResetRestoresDeck()
]]></system-out>
</testcase>
<testcase name="testNewDeckHas52Cards()" classname="BlackJackTest" time="0">
<system-out><![CDATA[
unique-id: [engine:junit-jupiter]/[class:BlackJackTest]/[method:testNewDeckHas52Cards()]
display-name: testNewDeckHas52Cards()
]]></system-out>
</testcase>
<testcase name="testShuffleMaintainsDeckSize()" classname="BlackJackTest" time="0">
<system-out><![CDATA[
unique-id: [engine:junit-jupiter]/[class:BlackJackTest]/[method:testShuffleMaintainsDeckSize()]
display-name: testShuffleMaintainsDeckSize()
]]></system-out>
</testcase>
<testcase name="testDrawAllCardsNoBlock()" classname="BlackJackTest" time="0.002">
<system-out><![CDATA[
unique-id: [engine:junit-jupiter]/[class:BlackJackTest]/[method:testDrawAllCardsNoBlock()]
display-name: testDrawAllCardsNoBlock()
]]></system-out>
</testcase>
<testcase name="testIsBlackjackFalseThreeCards()" classname="BlackJackTest" time="0.001">
<system-out><![CDATA[
unique-id: [engine:junit-jupiter]/[class:BlackJackTest]/[method:testIsBlackjackFalseThreeCards()]
display-name: testIsBlackjackFalseThreeCards()
]]></system-out>
</testcase>
<testcase name="testDealerWins()" classname="BlackJackTest" time="0">
<system-out><![CDATA[
unique-id: [engine:junit-jupiter]/[class:BlackJackTest]/[method:testDealerWins()]
display-name: testDealerWins()
]]></system-out>
</testcase>
<system-out><![CDATA[
unique-id: [engine:junit-jupiter]
display-name: JUnit Jupiter
]]></system-out>
</testsuite>
